<?xml version="1.0" encoding="UTF-8"?>
<!-- Generated by org.testng.reporters.JUnitXMLReporter -->
<testsuite ignored="0" hostname="DESKTOP-NIABD6C" failures="1" tests="1" name="Test2" time="26.99" errors="0" timestamp="2023-10-27T12:30:19 IST">
  <testcase classname="com.madeupcompany.AddRemoveItemBasketTest" name="addRemoveItem" time="19.412">
    <failure type="java.lang.AssertionError" message="expected [$45.24] but found [$45.23]">
      <![CDATA[java.lang.AssertionError: expected [$45.24] but found [$45.23]
at com.madeupcompany.AddRemoveItemBasketTest.addRemoveItem(AddRemoveItemBasketTest.java:71)
at java.base/java.util.ArrayList.forEach(ArrayList.java:1511)
at java.base/java.util.concurrent.FutureTask.run(FutureTask.java:264)
at java.base/java.util.concurrent.ThreadPoolExecutor.runWorker(ThreadPoolExecutor.java:1130)
at java.base/java.util.concurrent.ThreadPoolExecutor$Worker.run(ThreadPoolExecutor.java:630)
at java.base/java.lang.Thread.run(Thread.java:832)
... Removed 23 stack frames]]>
    </failure>
  </testcase> <!-- addRemoveItem -->
</testsuite> <!-- Test2 -->
